<?xml version="1.0" encoding="UTF-8"?>
<!-- Generated by org.testng.reporters.JUnitXMLReporter -->
<testsuite hostname="AA-PC" ignored="0" name="test1" tests="6" failures="0" timestamp="2020-02-13T19:05:07 IST" time="0.11" errors="0">
  <testcase name="tc001" time="0.031" classname="p1.ClassA"/>
  <testcase name="tc002" time="0.0" classname="p1.ClassA"/>
  <testcase name="tc003" time="0.0" classname="p1.ClassA"/>
  <testcase name="tc004" time="0.0" classname="p2.ClassB"/>
  <testcase name="tc005" time="0.015" classname="p2.ClassB"/>
  <testcase name="tc006" time="0.0" classname="p2.ClassB"/>
</testsuite> <!-- test1 -->
