<?xml version="1.0" encoding="UTF-8"?>
<testng-results skipped="0" failed="0" ignored="0" total="6" passed="6">
  <reporter-output>
  </reporter-output>
  <suite name="default" duration-ms="110" started-at="2020-02-13T19:05:06 IST" finished-at="2020-02-13T19:05:07 IST">
    <groups>
    </groups>
    <test name="test1" duration-ms="110" started-at="2020-02-13T19:05:06 IST" finished-at="2020-02-13T19:05:07 IST">
      <class name="p2.ClassB">
        <test-method status="PASS" signature="tc004()[pri:0, instance:p2.ClassB@5a8e6209]" name="tc004" duration-ms="0" started-at="2020-02-13T19:05:07 IST" finished-at="2020-02-13T19:05:07 IST">
          <reporter-output>
          </reporter-output>
        </test-method> <!-- tc004 -->
        <test-method status="PASS" signature="tc005()[pri:0, instance:p2.ClassB@5a8e6209]" name="tc005" duration-ms="15" started-at="2020-02-13T19:05:07 IST" finished-at="2020-02-13T19:05:07 IST">
          <reporter-output>
          </reporter-output>
        </test-method> <!-- tc005 -->
        <test-method status="PASS" signature="tc006()[pri:0, instance:p2.ClassB@5a8e6209]" name="tc006" duration-ms="0" started-at="2020-02-13T19:05:07 IST" finished-at="2020-02-13T19:05:07 IST">
          <reporter-output>
          </reporter-output>
        </test-method> <!-- tc006 -->
      </class> <!-- p2.ClassB -->
      <class name="p1.ClassA">
        <test-method status="PASS" signature="tc001()[pri:0, instance:p1.ClassA@3b0143d3]" name="tc001" duration-ms="31" started-at="2020-02-13T19:05:06 IST" finished-at="2020-02-13T19:05:06 IST">
          <reporter-output>
          </reporter-output>
        </test-method> <!-- tc001 -->
        <test-method status="PASS" signature="tc002()[pri:0, instance:p1.ClassA@3b0143d3]" name="tc002" duration-ms="0" started-at="2020-02-13T19:05:07 IST" finished-at="2020-02-13T19:05:07 IST">
          <reporter-output>
          </reporter-output>
        </test-method> <!-- tc002 -->
        <test-method status="PASS" signature="tc003()[pri:0, instance:p1.ClassA@3b0143d3]" name="tc003" duration-ms="0" started-at="2020-02-13T19:05:07 IST" finished-at="2020-02-13T19:05:07 IST">
          <reporter-output>
          </reporter-output>
        </test-method> <!-- tc003 -->
      </class> <!-- p1.ClassA -->
    </test> <!-- test1 -->
  </suite> <!-- default -->
</testng-results>
